============================================================
Time  2026/01/12 10:41:13 137 
============================================================
[2026/01/12 10:41:13 139] lgi        684  SYS_MSG_LOAD  
[2026/01/12 10:41:13 149] lgi        706  SYS_MSG_REGCB  msp_status_cb  func(e80139a0) 
[2026/01/12 10:41:13 157] lgi        298  LGI_MSG_INIT  
[2026/01/12 10:41:13 159] lgi        305  lgi  lgi_  268436457  1573451739  
[2026/01/12 10:41:13 161] lgi        403  token:  nil  
[2026/01/12 10:41:13 163] lgi        476  msc cver : 5.0.44.1288  
[2026/01/12 10:41:13 166] lgi        519  ns_enable=  1  
[2026/01/12 10:41:13 168] lgi        531  prot_ver=1  
[2026/01/12 10:41:13 169] lgi        542  prot_type=tcp  
[2026/01/12 10:41:13 176] lgi        693  SYS_MSG_UNLOAD  go bg!  
============================================================
Time  2026/01/12 11:53:53 456 
============================================================
[2026/01/12 11:53:53 468] lgi        684  SYS_MSG_LOAD  
[2026/01/12 11:53:53 479] lgi        706  SYS_MSG_REGCB  msp_status_cb  func(4c0139a0) 
[2026/01/12 11:53:53 487] lgi        298  LGI_MSG_INIT  
[2026/01/12 11:53:53 489] lgi        305  lgi  lgi_  268436457  1573451739  
[2026/01/12 11:53:53 492] lgi        403  token:  nil  
[2026/01/12 11:53:53 494] lgi        476  msc cver : 5.0.44.1288  
[2026/01/12 11:53:53 496] lgi        519  ns_enable=  1  
[2026/01/12 11:53:53 497] lgi        531  prot_ver=1  
[2026/01/12 11:53:53 499] lgi        542  prot_type=tcp  
[2026/01/12 11:53:53 505] lgi        693  SYS_MSG_UNLOAD  go bg!  
============================================================
Time  2026/01/12 12:03:05 685 
============================================================
[2026/01/12 12:03:05 686] lgi        684  SYS_MSG_LOAD  
[2026/01/12 12:03:05 701] lgi        706  SYS_MSG_REGCB  msp_status_cb  func(80139a0) 
[2026/01/12 12:03:05 709] lgi        298  LGI_MSG_INIT  
[2026/01/12 12:03:05 711] lgi        305  lgi  lgi_  268436457  1573451739  
[2026/01/12 12:03:05 715] lgi        403  token:  nil  
[2026/01/12 12:03:05 718] lgi        476  msc cver : 5.0.44.1288  
[2026/01/12 12:03:05 720] lgi        519  ns_enable=  1  
[2026/01/12 12:03:05 722] lgi        531  prot_ver=1  
[2026/01/12 12:03:05 723] lgi        542  prot_type=tcp  
[2026/01/12 12:03:05 731] lgi        693  SYS_MSG_UNLOAD  go bg!  
============================================================
Time  2026/01/12 19:58:23 986 
============================================================
[2026/01/12 19:58:23 987] lgi        684  SYS_MSG_LOAD  
[2026/01/12 19:58:23 997] lgi        706  SYS_MSG_REGCB  msp_status_cb  func(e80537a0) 
[2026/01/12 19:58:24 005] lgi        298  LGI_MSG_INIT  
[2026/01/12 19:58:24 006] lgi        305  lgi  lgi_  268436457  1573451739  
[2026/01/12 19:58:24 009] lgi        403  token:  nil  
[2026/01/12 19:58:24 010] lgi        476  msc cver : 5.0.44.1288  
[2026/01/12 19:58:24 012] lgi        519  ns_enable=  1  
[2026/01/12 19:58:24 013] lgi        531  prot_ver=1  
[2026/01/12 19:58:24 016] lgi        542  prot_type=tcp  
[2026/01/12 19:58:24 021] lgi        693  SYS_MSG_UNLOAD  go bg!  
============================================================
Time  2026/01/12 20:54:39 752 
============================================================
[2026/01/12 20:54:39 753] lgi        684  SYS_MSG_LOAD  
[2026/01/12 20:54:39 772] lgi        706  SYS_MSG_REGCB  msp_status_cb  func(4c0139a0) 
[2026/01/12 20:54:39 785] lgi        298  LGI_MSG_INIT  
[2026/01/12 20:54:39 789] lgi        305  lgi  lgi_  268436457  1573451739  
[2026/01/12 20:54:39 794] lgi        403  token:  nil  
[2026/01/12 20:54:39 796] lgi        476  msc cver : 5.0.44.1288  
[2026/01/12 20:54:39 800] lgi        519  ns_enable=  1  
[2026/01/12 20:54:39 802] lgi        531  prot_ver=1  
[2026/01/12 20:54:39 805] lgi        542  prot_type=tcp  
[2026/01/12 20:54:39 818] lgi        693  SYS_MSG_UNLOAD  go bg!  
============================================================
Time  2026/01/12 21:05:03 732 
============================================================
[2026/01/12 21:05:03 732] lgi        684  SYS_MSG_LOAD  
[2026/01/12 21:05:03 743] lgi        706  SYS_MSG_REGCB  msp_status_cb  func(b4013960) 
[2026/01/12 21:05:03 750] lgi        298  LGI_MSG_INIT  
[2026/01/12 21:05:03 752] lgi        305  lgi  lgi_  268436457  1573451739  
[2026/01/12 21:05:03 755] lgi        403  token:  nil  
[2026/01/12 21:05:03 756] lgi        476  msc cver : 5.0.44.1288  
[2026/01/12 21:05:03 758] lgi        519  ns_enable=  1  
[2026/01/12 21:05:03 759] lgi        531  prot_ver=1  
[2026/01/12 21:05:03 761] lgi        542  prot_type=tcp  
[2026/01/12 21:05:03 767] lgi        693  SYS_MSG_UNLOAD  go bg!  
============================================================
Time  2026/01/12 21:42:59 599 
============================================================
[2026/01/12 21:42:59 600] lgi        684  SYS_MSG_LOAD  
[2026/01/12 21:42:59 611] lgi        706  SYS_MSG_REGCB  msp_status_cb  func(ac0139a0) 
[2026/01/12 21:42:59 620] lgi        298  LGI_MSG_INIT  
[2026/01/12 21:42:59 621] lgi        305  lgi  lgi_  268436457  1573451739  
[2026/01/12 21:42:59 627] lgi        403  token:  nil  
[2026/01/12 21:42:59 628] lgi        476  msc cver : 5.0.44.1288  
[2026/01/12 21:42:59 630] lgi        519  ns_enable=  1  
[2026/01/12 21:42:59 631] lgi        531  prot_ver=1  
[2026/01/12 21:42:59 633] lgi        542  prot_type=tcp  
[2026/01/12 21:42:59 639] lgi        693  SYS_MSG_UNLOAD  go bg!  
============================================================
Time  2026/01/13 14:31:06 072 
============================================================
[2026/01/13 14:31:06 088] lgi        684  SYS_MSG_LOAD  
[2026/01/13 14:31:06 101] lgi        706  SYS_MSG_REGCB  msp_status_cb  func(8c0139a0) 
[2026/01/13 14:31:06 107] lgi        298  LGI_MSG_INIT  
[2026/01/13 14:31:06 109] lgi        305  lgi  lgi_  268436457  1573451739  
[2026/01/13 14:31:06 112] lgi        403  token:  nil  
[2026/01/13 14:31:06 113] lgi        476  msc cver : 5.0.44.1288  
[2026/01/13 14:31:06 115] lgi        519  ns_enable=  1  
[2026/01/13 14:31:06 116] lgi        531  prot_ver=1  
[2026/01/13 14:31:06 118] lgi        542  prot_type=tcp  
[2026/01/13 14:31:06 124] lgi        693  SYS_MSG_UNLOAD  go bg!  
