============================================================
Time  2026/01/14 10:17:02 297 
============================================================
[2026/01/14 10:17:02 299] isr_local  2211 os_type is:  Linux  
[2026/01/14 10:17:02 301] isr_local  2220 SYS_MSG_LOAD_LOCAL  
[2026/01/14 10:17:02 306] isr_local  2249 SYS_MSG_REGCB_LOCAL| param0 =  msp_status_cb  
[2026/01/14 10:17:02 314] isr_local  2249 SYS_MSG_REGCB_LOCAL| param0 =  build_grm_cb  
[2026/01/14 10:17:02 318] isr_local  2262 ASR_LOCAL_MSG_BUILD_GRM  
[2026/01/14 10:17:02 319] isr_local  1903 grm_init | params:  engine_type = local, 		asr_res_path = fo|res/asr/common.jet, sample_rate = 16000, 		grm_build_path = res/asr/GrmBuilld,   
[2026/01/14 10:17:02 357] isr_local  805  engine_type  :  local  
[2026/01/14 10:17:02 359] isr_local  805  asr_res_path  :  fo|res/asr/common.jet  
[2026/01/14 10:17:02 360] isr_local  805  sample_rate  :  16000  
[2026/01/14 10:17:02 362] isr_local  805  grm_build_path  :  res/asr/GrmBuilld  
[2026/01/14 10:17:02 371] isr_local  1002 file count =   1  
[2026/01/14 10:17:02 373] isr_local  925  file open type is:   fo  
[2026/01/14 10:17:02 375] isr_local  958  res/asr/common.jet  0  0  
[2026/01/14 10:17:02 376] isr_local  1020 speech_plus_setting  0  
[2026/01/14 10:17:02 377] isr_local  1033 2  nil  res/asr/common.jet  0  0  
[2026/01/14 10:17:02 384] isr_local  1035 res_ver  2  
[2026/01/14 10:17:02 385] isr_local  1036 res 5  19b6a1b4b66938610b89e878385feb4e  
[2026/01/14 10:17:02 387] isr_local  1037 res_new_old_mark  v5pp  
[2026/01/14 10:17:02 388] isr_local  1038 res_usr_name  ""  
[2026/01/14 10:17:02 390] isr_local  1039 res_expires  1775961184  
[2026/01/14 10:17:02 391] isr_local  1040 err  0  
[2026/01/14 10:17:02 393] isr_local  1071 now expires:  1768357022  1775961184  
[2026/01/14 10:17:02 416] isr_local  1644 proc_retcode_grm | errorcode =  0  
[2026/01/14 10:17:02 503] isr_local  2022 grammar id:call  
[2026/01/14 10:17:02 506] isr_local  1636 onGrmLocalServiceCb  0  call  
