============================================================
Time  2026/01/12 12:03:05 868 
============================================================
[2026/01/12 12:03:05 870] isr_local  2211 os_type is:  Linux  
[2026/01/12 12:03:05 872] isr_local  2220 SYS_MSG_LOAD_LOCAL  
[2026/01/12 12:03:05 877] isr_local  2249 SYS_MSG_REGCB_LOCAL| param0 =  msp_status_cb  
[2026/01/12 12:03:05 884] isr_local  2249 SYS_MSG_REGCB_LOCAL| param0 =  build_grm_cb  
[2026/01/12 12:03:05 888] isr_local  2262 ASR_LOCAL_MSG_BUILD_GRM  
[2026/01/12 12:03:05 890] isr_local  1903 grm_init | params:  engine_type = local, 		asr_res_path = fo|res/asr/common.jet, sample_rate = 16000, 		grm_build_path = res/asr/GrmBuilld,   
[2026/01/12 12:03:05 928] isr_local  805  engine_type  :  local  
[2026/01/12 12:03:05 929] isr_local  805  asr_res_path  :  fo|res/asr/common.jet  
[2026/01/12 12:03:05 931] isr_local  805  sample_rate  :  16000  
[2026/01/12 12:03:05 934] isr_local  805  grm_build_path  :  res/asr/GrmBuilld  
[2026/01/12 12:03:05 943] isr_local  1002 file count =   1  
[2026/01/12 12:03:05 945] isr_local  925  file open type is:   fo  
[2026/01/12 12:03:05 947] isr_local  958  res/asr/common.jet  0  0  
[2026/01/12 12:03:05 950] isr_local  1020 speech_plus_setting  0  
[2026/01/12 12:03:05 951] isr_local  1033 2  nil  res/asr/common.jet  0  0  
[2026/01/12 12:03:05 957] isr_local  1035 res_ver  2  
[2026/01/12 12:03:05 959] isr_local  1036 res 5  19b6a1b4b66938610b89e878385feb4e  
[2026/01/12 12:03:05 960] isr_local  1037 res_new_old_mark  v5pp  
[2026/01/12 12:03:05 963] isr_local  1038 res_usr_name  ""  
[2026/01/12 12:03:05 964] isr_local  1039 res_expires  1775961184  
[2026/01/12 12:03:05 966] isr_local  1040 err  0  
[2026/01/12 12:03:05 967] isr_local  1071 now expires:  1768190585  1775961184  
[2026/01/12 12:03:05 984] isr_local  1644 proc_retcode_grm | errorcode =  0  
[2026/01/12 12:03:06 072] isr_local  2022 grammar id:call  
[2026/01/12 12:03:06 076] isr_local  1636 onGrmLocalServiceCb  0  call  
