============================================================
Time  2026/01/13 14:31:06 258 
============================================================
[2026/01/13 14:31:06 259] isr_local  2211 os_type is:  Linux  
[2026/01/13 14:31:06 263] isr_local  2220 SYS_MSG_LOAD_LOCAL  
[2026/01/13 14:31:06 266] isr_local  2249 SYS_MSG_REGCB_LOCAL| param0 =  msp_status_cb  
[2026/01/13 14:31:06 272] isr_local  2249 SYS_MSG_REGCB_LOCAL| param0 =  build_grm_cb  
[2026/01/13 14:31:06 277] isr_local  2262 ASR_LOCAL_MSG_BUILD_GRM  
[2026/01/13 14:31:06 279] isr_local  1903 grm_init | params:  engine_type = local, 		asr_res_path = fo|res/asr/common.jet, sample_rate = 16000, 		grm_build_path = res/asr/GrmBuilld,   
[2026/01/13 14:31:06 281] isr_local  805  engine_type  :  local  
[2026/01/13 14:31:06 283] isr_local  805  asr_res_path  :  fo|res/asr/common.jet  
[2026/01/13 14:31:06 284] isr_local  805  sample_rate  :  16000  
[2026/01/13 14:31:06 285] isr_local  805  grm_build_path  :  res/asr/GrmBuilld  
[2026/01/13 14:31:06 293] isr_local  1002 file count =   1  
[2026/01/13 14:31:06 295] isr_local  925  file open type is:   fo  
[2026/01/13 14:31:06 296] isr_local  958  res/asr/common.jet  0  0  
[2026/01/13 14:31:06 297] isr_local  1020 speech_plus_setting  0  
[2026/01/13 14:31:06 298] isr_local  1033 2  nil  res/asr/common.jet  0  0  
[2026/01/13 14:31:06 315] isr_local  1035 res_ver  2  
[2026/01/13 14:31:06 318] isr_local  1036 res 5  19b6a1b4b66938610b89e878385feb4e  
[2026/01/13 14:31:06 319] isr_local  1037 res_new_old_mark  v5pp  
[2026/01/13 14:31:06 322] isr_local  1038 res_usr_name  ""  
[2026/01/13 14:31:06 323] isr_local  1039 res_expires  1775961184  
[2026/01/13 14:31:06 325] isr_local  1040 err  0  
[2026/01/13 14:31:06 326] isr_local  1071 now expires:  1768285866  1775961184  
[2026/01/13 14:31:06 343] isr_local  1644 proc_retcode_grm | errorcode =  0  
[2026/01/13 14:31:06 433] isr_local  2022 grammar id:call  
[2026/01/13 14:31:06 436] isr_local  1636 onGrmLocalServiceCb  0  call  
